<?xml version="1.0" encoding="UTF-8"?>
<!-- Generated by org.testng.reporters.JUnitReportReporter -->
<testsuite skipped="0" hostname="DESKTOP-2A9CD8J" name="com.mavenfistproject.DemoTest02" tests="1" failures="0" timestamp="2021-10-05T21:31:05 IST" time="2.168" errors="0">
  <testcase name="demo_test01" time="2.168" classname="com.mavenfistproject.DemoTest02"/>
  <system-out/>
</testsuite> <!-- com.mavenfistproject.DemoTest02 -->
